[    0.000000] Initializing cgroup subsys cpuset
[    0.000000] Initializing cgroup subsys cpu
[    0.000000] Initializing cgroup subsys cpuacct
[    0.000000] Linux version 4.4.0-154-generic (buildd@lgw01-amd64-049) (gcc version 5.4.0 20160609 (Ubuntu 5.4.0-6ubuntu1~16.04.10) ) #181-Ubuntu SMP Tue Jun 25 05:29:03 UTC 2019 (Ubuntu 4.4.0-154.181-generic 4.4.179)
[    0.000000] Command line: BOOT_IMAGE=/boot/vmlinuz-4.4.0-154-generic root=LABEL=cloudimg-rootfs ro console=tty1 console=ttyS0
[    0.000000] KERNEL supported cpus:
[    0.000000]   Intel GenuineIntel
[    0.000000]   AMD AuthenticAMD
[    0.000000]   Centaur CentaurHauls
[    0.000000] x86/fpu: xstate_offset[2]:  576, xstate_sizes[2]:  256
[    0.000000] x86/fpu: Supporting XSAVE feature 0x01: 'x87 floating point registers'
[    0.000000] x86/fpu: Supporting XSAVE feature 0x02: 'SSE registers'
[    0.000000] x86/fpu: Supporting XSAVE feature 0x04: 'AVX registers'
[    0.000000] x86/fpu: Enabled xstate features 0x7, context size is 832 bytes, using 'standard' format.
[    0.000000] e820: BIOS-provided physical RAM map:
[    0.000000] BIOS-e820: [mem 0x0000000000000000-0x000000000009fbff] usable
[    0.000000] BIOS-e820: [mem 0x000000000009fc00-0x000000000009ffff] reserved
[    0.000000] BIOS-e820: [mem 0x00000000000f0000-0x00000000000fffff] reserved
[    0.000000] BIOS-e820: [mem 0x0000000000100000-0x000000003ffeffff] usable
[    0.000000] BIOS-e820: [mem 0x000000003fff0000-0x000000003fffffff] ACPI data
[    0.000000] BIOS-e820: [mem 0x00000000fec00000-0x00000000fec00fff] reserved
[    0.000000] BIOS-e820: [mem 0x00000000fee00000-0x00000000fee00fff] reserved
[    0.000000] BIOS-e820: [mem 0x00000000fffc0000-0x00000000ffffffff] reserved
[    0.000000] NX (Execute Disable) protection: active
[    0.000000] SMBIOS 2.5 present.
[    0.000000] Hypervisor detected: KVM
[    0.000000] e820: last_pfn = 0x3fff0 max_arch_pfn = 0x400000000
[    0.000000] MTRR: Disabled
[    0.000000] x86/PAT: MTRRs disabled, skipping PAT initialization too.
[    0.000000] CPU MTRRs all blank - virtualized system.
[    0.000000] x86/PAT: Configuration [0-7]: WB  WT  UC- UC  WB  WT  UC- UC  
[    0.000000] found SMP MP-table at [mem 0x0009fff0-0x0009ffff] mapped at [ffff88000009fff0]
[    0.000000] Scanning 1 areas for low memory corruption
[    0.000000] RAMDISK: [mem 0x362fa000-0x37174fff]
[    0.000000] ACPI: Early table checksum verification disabled
[    0.000000] ACPI: RSDP 0x00000000000E0000 000024 (v02 VBOX  )
[    0.000000] ACPI: XSDT 0x000000003FFF0030 00003C (v01 VBOX   VBOXXSDT 00000001 ASL  00000061)
[    0.000000] ACPI: FACP 0x000000003FFF00F0 0000F4 (v04 VBOX   VBOXFACP 00000001 ASL  00000061)
[    0.000000] ACPI: DSDT 0x000000003FFF0470 0022EA (v02 VBOX   VBOXBIOS 00000002 INTL 20160108)
[    0.000000] ACPI: FACS 0x000000003FFF0200 000040
[    0.000000] ACPI: FACS 0x000000003FFF0200 000040
[    0.000000] ACPI: APIC 0x000000003FFF0240 00005C (v02 VBOX   VBOXAPIC 00000001 ASL  00000061)
[    0.000000] ACPI: SSDT 0x000000003FFF02A0 0001CC (v01 VBOX   VBOXCPUT 00000002 INTL 20160108)
[    0.000000] No NUMA configuration found
[    0.000000] Faking a node at [mem 0x0000000000000000-0x000000003ffeffff]
[    0.000000] NODE_DATA(0) allocated [mem 0x3ffeb000-0x3ffeffff]
[    0.000000] kvm-clock: Using msrs 4b564d01 and 4b564d00
[    0.000000] kvm-clock: cpu 0, msr 0:3ffe3001, primary cpu clock
[    0.000000] kvm-clock: using sched offset of 3333264500 cycles
[    0.000000] clocksource: kvm-clock: mask: 0xffffffffffffffff max_cycles: 0x1cd42e4dffb, max_idle_ns: 881590591483 ns
[    0.000000] Zone ranges:
[    0.000000]   DMA      [mem 0x0000000000001000-0x0000000000ffffff]
[    0.000000]   DMA32    [mem 0x0000000001000000-0x000000003ffeffff]
[    0.000000]   Normal   empty
[    0.000000]   Device   empty
[    0.000000] Movable zone start for each node
[    0.000000] Early memory node ranges
[    0.000000]   node   0: [mem 0x0000000000001000-0x000000000009efff]
[    0.000000]   node   0: [mem 0x0000000000100000-0x000000003ffeffff]
[    0.000000] Initmem setup node 0 [mem 0x0000000000001000-0x000000003ffeffff]
[    0.000000] ACPI: PM-Timer IO Port: 0x4008
[    0.000000] IOAPIC[0]: apic_id 2, version 32, address 0xfec00000, GSI 0-23
[    0.000000] ACPI: INT_SRC_OVR (bus 0 bus_irq 0 global_irq 2 dfl dfl)
[    0.000000] ACPI: INT_SRC_OVR (bus 0 bus_irq 9 global_irq 9 low level)
[    0.000000] Using ACPI (MADT) for SMP configuration information
[    0.000000] smpboot: Allowing 2 CPUs, 0 hotplug CPUs
[    0.000000] PM: Registered nosave memory: [mem 0x00000000-0x00000fff]
[    0.000000] PM: Registered nosave memory: [mem 0x0009f000-0x0009ffff]
[    0.000000] PM: Registered nosave memory: [mem 0x000a0000-0x000effff]
[    0.000000] PM: Registered nosave memory: [mem 0x000f0000-0x000fffff]
[    0.000000] e820: [mem 0x40000000-0xfebfffff] available for PCI devices
[    0.000000] Booting paravirtualized kernel on KVM
[    0.000000] clocksource: refined-jiffies: mask: 0xffffffff max_cycles: 0xffffffff, max_idle_ns: 7645519600211568 ns
[    0.000000] setup_percpu: NR_CPUS:512 nr_cpumask_bits:512 nr_cpu_ids:2 nr_node_ids:1
[    0.000000] PERCPU: Embedded 34 pages/cpu @ffff88003fc00000 s99480 r8192 d31592 u1048576
[    0.000000] Built 1 zonelists in Node order, mobility grouping on.  Total pages: 257912
[    0.000000] Policy zone: DMA32
[    0.000000] Kernel command line: BOOT_IMAGE=/boot/vmlinuz-4.4.0-154-generic root=LABEL=cloudimg-rootfs ro console=tty1 console=ttyS0
[    0.000000] PID hash table entries: 4096 (order: 3, 32768 bytes)
[    0.000000] Memory: 997732K/1048120K available (8613K kernel code, 1335K rwdata, 4028K rodata, 1484K init, 1284K bss, 50388K reserved, 0K cma-reserved)
[    0.000000] SLUB: HWalign=64, Order=0-3, MinObjects=0, CPUs=2, Nodes=1
[    0.000000] Kernel/User page tables isolation: enabled
[    0.000000] Hierarchical RCU implementation.
[    0.000000] 	Build-time adjustment of leaf fanout to 64.
[    0.000000] 	RCU restricting CPUs from NR_CPUS=512 to nr_cpu_ids=2.
[    0.000000] RCU: Adjusting geometry for rcu_fanout_leaf=64, nr_cpu_ids=2
[    0.000000] NR_IRQS:33024 nr_irqs:440 16
[    0.000000] Console: colour VGA+ 80x25
[    0.000000] console [tty1] enabled
[    0.000000] console [ttyS0] enabled
[    0.000000] tsc: Detected 2691.260 MHz processor
[    0.163892] Calibrating delay loop (skipped) preset value.. 5382.52 BogoMIPS (lpj=10765040)
[    0.165492] pid_max: default: 32768 minimum: 301
[    0.166351] ACPI: Core revision 20150930
[    0.168031] ACPI: 2 ACPI AML tables successfully acquired and loaded
[    0.169294] Security Framework initialized
[    0.170078] Yama: becoming mindful.
[    0.170825] AppArmor: AppArmor initialized
[    0.171691] Dentry cache hash table entries: 131072 (order: 8, 1048576 bytes)
[    0.173670] Inode-cache hash table entries: 65536 (order: 7, 524288 bytes)
[    0.174941] Mount-cache hash table entries: 2048 (order: 2, 16384 bytes)
[    0.176087] Mountpoint-cache hash table entries: 2048 (order: 2, 16384 bytes)
[    0.177413] Initializing cgroup subsys io
[    0.178196] Initializing cgroup subsys memory
[    0.179077] Initializing cgroup subsys devices
[    0.179919] Initializing cgroup subsys freezer
[    0.180753] Initializing cgroup subsys net_cls
[    0.181584] Initializing cgroup subsys perf_event
[    0.182475] Initializing cgroup subsys net_prio
[    0.183325] Initializing cgroup subsys hugetlb
[    0.184165] Initializing cgroup subsys pids
[    0.185035] mce: CPU supports 0 MCE banks
[    0.185834] Last level iTLB entries: 4KB 512, 2MB 8, 4MB 8
[    0.186833] Last level dTLB entries: 4KB 512, 2MB 32, 4MB 32, 1GB 0
[    0.187913] Spectre V2 : Mitigation: Full generic retpoline
[    0.188891] Spectre V2 : Spectre v2 / SpectreRSB mitigation: Filling RSB on context switch
[    0.190435] Speculative Store Bypass: Vulnerable
[    0.191391] MDS: Vulnerable: Clear CPU buffers attempted, no microcode
[    0.195535] Freeing SMP alternatives memory: 36K
[    0.202358] ftrace: allocating 32299 entries in 127 pages
[    0.265679] smpboot: APIC(0) Converting physical 0 to logical package 0
[    0.266902] smpboot: Max logical packages: 1
[    0.267981] x2apic enabled
[    0.268826] Switched APIC routing to physical x2apic.
[    0.270937] ..TIMER: vector=0x30 apic1=0 pin1=2 apic2=-1 pin2=-1
[    0.378389] smpboot: CPU0: Intel(R) Core(TM) i7-2620M CPU @ 2.70GHz (family: 0x6, model: 0x2a, stepping: 0x7)
[    0.380397] Performance Events: unsupported p6 CPU model 42 no PMU driver, software events only.
[    0.392604] KVM setup paravirtual spinlock
[    0.394121] x86: Booting SMP configuration:
[    0.394976] .... node  #0, CPUs:      #1
[    0.395872] kvm-clock: cpu 1, msr 0:3ffe3041, secondary cpu clock
[    0.396932] mce: CPU supports 0 MCE banks
[    0.399576] x86: Booted up 1 node, 2 CPUs
[    0.400577] smpboot: Total of 2 processors activated (10765.04 BogoMIPS)
[    0.402127] devtmpfs: initialized
[    0.405447] evm: security.selinux
[    0.406148] evm: security.SMACK64
[    0.406858] evm: security.SMACK64EXEC
[    0.407606] evm: security.SMACK64TRANSMUTE
[    0.408422] evm: security.SMACK64MMAP
[    0.409158] evm: security.ima
[    0.409799] evm: security.capability
[    0.410736] clocksource: jiffies: mask: 0xffffffff max_cycles: 0xffffffff, max_idle_ns: 7645041785100000 ns
[    0.412523] futex hash table entries: 512 (order: 3, 32768 bytes)
[    0.413731] pinctrl core: initialized pinctrl subsystem
[    0.414824] RTC time: 23:06:24, date: 07/11/19
[    0.415856] NET: Registered protocol family 16
[    0.426568] cpuidle: using governor ladder
[    0.438739] cpuidle: using governor menu
[    0.440131] PCCT header not found.
[    0.441633] ACPI: bus type PCI registered
[    0.443313] acpiphp: ACPI Hot Plug PCI Controller Driver version: 0.5
[    0.445786] PCI: Using configuration type 1 for base access
[    0.459697] ACPI: Added _OSI(Module Device)
[    0.460537] ACPI: Added _OSI(Processor Device)
[    0.461370] ACPI: Added _OSI(3.0 _SCP Extensions)
[    0.462235] ACPI: Added _OSI(Processor Aggregator Device)
[    0.464570] ACPI: Executed 1 blocks of module-level executable AML code
[    0.469353] ACPI: Interpreter enabled
[    0.470498] ACPI: (supports S0 S5)
[    0.471612] ACPI: Using IOAPIC for interrupt routing
[    0.473239] PCI: Using host bridge windows from ACPI; if necessary, use "pci=nocrs" and report a bug
[    0.479214] ACPI: PCI Root Bridge [PCI0] (domain 0000 [bus 00-ff])
[    0.480314] acpi PNP0A03:00: _OSC: OS supports [ASPM ClockPM Segments MSI]
[    0.481761] acpi PNP0A03:00: _OSC: not requesting OS control; OS requires [ExtendedConfig ASPM ClockPM MSI]
[    0.483551] acpi PNP0A03:00: fail to add MMCONFIG information, can't access extended PCI configuration space under this bridge.
[    0.485807] PCI host bridge to bus 0000:00
[    0.486597] pci_bus 0000:00: root bus resource [io  0x0000-0x0cf7 window]
[    0.487768] pci_bus 0000:00: root bus resource [io  0x0d00-0xffff window]
[    0.488929] pci_bus 0000:00: root bus resource [mem 0x000a0000-0x000bffff window]
[    0.490344] pci_bus 0000:00: root bus resource [mem 0x40000000-0xfdffffff window]
[    0.491792] pci_bus 0000:00: root bus resource [bus 00-ff]
[    0.494439] pci 0000:00:01.1: legacy IDE quirk: reg 0x10: [io  0x01f0-0x01f7]
[    0.495652] pci 0000:00:01.1: legacy IDE quirk: reg 0x14: [io  0x03f6]
[    0.496782] pci 0000:00:01.1: legacy IDE quirk: reg 0x18: [io  0x0170-0x0177]
[    0.497977] pci 0000:00:01.1: legacy IDE quirk: reg 0x1c: [io  0x0376]
[    0.525060] pci 0000:00:07.0: quirk: [io  0x4000-0x403f] claimed by PIIX4 ACPI
[    0.539055] pci 0000:00:07.0: quirk: [io  0x4100-0x410f] claimed by PIIX4 SMB
[    0.549114] ACPI: PCI Interrupt Link [LNKA] (IRQs 5 9 10 *11)
[    0.550744] ACPI: PCI Interrupt Link [LNKB] (IRQs 5 9 *10 11)
[    0.552280] ACPI: PCI Interrupt Link [LNKC] (IRQs 5 *9 10 11)
[    0.553818] ACPI: PCI Interrupt Link [LNKD] (IRQs 5 9 10 *11)
[    0.555422] ACPI: Enabled 2 GPEs in block 00 to 07
[    0.556897] vgaarb: setting as boot device: PCI:0000:00:02.0
[    0.557957] vgaarb: device added: PCI:0000:00:02.0,decodes=io+mem,owns=io+mem,locks=none
[    0.559607] vgaarb: loaded
[    0.560276] vgaarb: bridge control possible 0000:00:02.0
[    0.561564] SCSI subsystem initialized
[    0.562538] ACPI: bus type USB registered
[    0.563382] usbcore: registered new interface driver usbfs
[    0.564395] usbcore: registered new interface driver hub
[    0.565359] usbcore: registered new device driver usb
[    0.566559] PCI: Using ACPI for IRQ routing
[    0.567688] NetLabel: Initializing
[    0.568408] NetLabel:  domain hash size = 128
[    0.569229] NetLabel:  protocols = UNLABELED CIPSOv4
[    0.570798] NetLabel:  unlabeled traffic allowed by default
[    0.571959] amd_nb: Cannot enumerate AMD northbridges
[    0.572929] clocksource: Switched to clocksource kvm-clock
[    0.581141] AppArmor: AppArmor Filesystem Enabled
[    0.582127] pnp: PnP ACPI init
[    0.583565] pnp: PnP ACPI: found 3 devices
[    0.594752] clocksource: acpi_pm: mask: 0xffffff max_cycles: 0xffffff, max_idle_ns: 2085701024 ns
[    0.596409] NET: Registered protocol family 2
[    0.597463] TCP established hash table entries: 8192 (order: 4, 65536 bytes)
[    0.598659] TCP bind hash table entries: 8192 (order: 5, 131072 bytes)
[    0.599819] TCP: Hash tables configured (established 8192 bind 8192)
[    0.600944] UDP hash table entries: 512 (order: 2, 16384 bytes)
[    0.602029] UDP-Lite hash table entries: 512 (order: 2, 16384 bytes)
[    0.603152] NET: Registered protocol family 1
[    0.604039] pci 0000:00:00.0: Limiting direct PCI/PCI transfers
[    0.605108] pci 0000:00:01.0: Activating ISA DMA hang workarounds
[    0.606288] Unpacking initramfs...
[    0.809947] Freeing initrd memory: 14828K
[    0.811031] RAPL PMU detected, API unit is 2^-32 Joules, 3 fixed counters 10737418240 ms ovfl timer
[    0.812730] hw unit of domain pp0-core 2^-0 Joules
[    0.813645] hw unit of domain package 2^-0 Joules
[    0.814530] hw unit of domain pp1-gpu 2^-0 Joules
[    0.815427] clocksource: tsc: mask: 0xffffffffffffffff max_cycles: 0x26cafe5e501, max_idle_ns: 440795335255 ns
[    0.817341] platform rtc_cmos: registered platform RTC device (no PNP device found)
[    0.818878] Scanning for low memory corruption every 60 seconds
[    0.820449] audit: initializing netlink subsys (disabled)
[    0.821508] audit: type=2000 audit(1562886389.344:1): initialized
[    0.822851] Initialise system trusted keyring
[    0.823992] HugeTLB registered 2 MB page size, pre-allocated 0 pages
[    0.826552] zbud: loaded
[    0.827535] VFS: Disk quotas dquot_6.6.0
[    0.828357] VFS: Dquot-cache hash table entries: 512 (order 0, 4096 bytes)
[    0.829869] squashfs: version 4.0 (2009/01/31) Phillip Lougher
[    0.831198] fuse init (API version 7.23)
[    0.832121] Key type big_key registered
[    0.832910] Allocating IMA MOK and blacklist keyrings.
[    0.835191] Key type asymmetric registered
[    0.836017] Asymmetric key parser 'x509' registered
[    0.836962] Block layer SCSI generic (bsg) driver version 0.4 loaded (major 249)
[    0.838540] io scheduler noop registered
[    0.839329] io scheduler deadline registered (default)
[    0.840316] io scheduler cfq registered
[    0.841180] pci_hotplug: PCI Hot Plug PCI Core version: 0.5
[    0.842255] pciehp: PCI Express Hot Plug Controller Driver version: 0.4
[    0.843557] ACPI: AC Adapter [AC] (on-line)
[    0.844453] input: Power Button as /devices/LNXSYSTM:00/LNXPWRBN:00/input/input0
[    0.845956] ACPI: Power Button [PWRF]
[    0.846771] input: Sleep Button as /devices/LNXSYSTM:00/LNXSLPBN:00/input/input1
[    0.848215] ACPI: Sleep Button [SLPF]
[    0.849787] ACPI: Battery Slot [BAT0] (battery present)
[    0.850787] GHES: HEST is not enabled!
[    0.851654] Serial: 8250/16550 driver, 32 ports, IRQ sharing enabled
[    0.873354] 00:02: ttyS0 at I/O 0x3f8 (irq = 4, base_baud = 115200) is a 16550A
[    0.879897] Linux agpgart interface v0.103
[    0.884770] loop: module loaded
[    0.886904] scsi host0: ata_piix
[    0.887772] scsi host1: ata_piix
[    0.888494] ata1: PATA max UDMA/33 cmd 0x1f0 ctl 0x3f6 bmdma 0xd000 irq 14
[    0.889705] ata2: PATA max UDMA/33 cmd 0x170 ctl 0x376 bmdma 0xd008 irq 15
[    0.890993] libphy: Fixed MDIO Bus: probed
[    0.891957] tun: Universal TUN/TAP device driver, 1.6
[    0.892866] tun: (C) 1999-2004 Max Krasnyansky <maxk@qualcomm.com>
[    0.894090] PPP generic driver version 2.4.2
[    0.895021] ehci_hcd: USB 2.0 'Enhanced' Host Controller (EHCI) Driver
[    0.896145] ehci-pci: EHCI PCI platform driver
[    0.897048] ehci-platform: EHCI generic platform driver
[    0.897999] ohci_hcd: USB 1.1 'Open' Host Controller (OHCI) Driver
[    0.899062] ohci-pci: OHCI PCI platform driver
[    0.899912] ohci-platform: OHCI generic platform driver
[    0.900855] uhci_hcd: USB Universal Host Controller Interface driver
[    0.902073] i8042: PNP: PS/2 Controller [PNP0303:PS2K,PNP0f03:PS2M] at 0x60,0x64 irq 1,12
[    0.904056] serio: i8042 KBD port at 0x60,0x64 irq 1
[    0.905001] serio: i8042 AUX port at 0x60,0x64 irq 12
[    0.906159] mousedev: PS/2 mouse device common for all mice
[    0.907531] input: AT Translated Set 2 keyboard as /devices/platform/i8042/serio0/input/input2
[    0.909675] rtc_cmos rtc_cmos: rtc core: registered rtc_cmos as rtc0
[    0.910835] rtc_cmos rtc_cmos: alarms up to one day, 114 bytes nvram
[    0.911932] i2c /dev entries driver
[    0.912703] device-mapper: uevent: version 1.0.3
[    0.913707] device-mapper: ioctl: 4.34.0-ioctl (2015-10-28) initialised: dm-devel@redhat.com
[    0.915266] ledtrig-cpu: registered to indicate activity on CPUs
[    0.916684] NET: Registered protocol family 10
[    0.917868] NET: Registered protocol family 17
[    0.918935] Key type dns_resolver registered
[    0.920380] registered taskstats version 1
[    0.921387] Loading compiled-in X.509 certificates
[    0.923117] Loaded X.509 cert 'Build time autogenerated kernel key: 65139e04a67245b562a838c28b5e7032abdd4348'
[    0.925318] zswap: loaded using pool lzo/zbud
[    0.928604] Key type trusted registered
[    0.934012] Key type encrypted registered
[    0.934985] AppArmor: AppArmor sha1 policy hashing enabled
[    0.936392] ima: No TPM chip found, activating TPM-bypass!
[    0.937958] ima: Allocated hash algorithm: sha1
[    0.939284] evm: HMAC attrs: 0x1
[    0.940678]   Magic number: 11:338:150
[    0.941951] rtc_cmos rtc_cmos: setting system clock to 2019-07-11 23:06:25 UTC (1562886385)
[    0.944602] BIOS EDD facility v0.16 2004-Jun-25, 0 devices found
[    0.946306] EDD information not available.
[    1.047276] Freeing unused kernel memory: 1484K
[    1.049302] Write protecting the kernel read-only data: 14336k
[    1.052848] Freeing unused kernel memory: 1616K
[    1.055529] Freeing unused kernel memory: 68K
Loading, please wait...
starting version 229
[    1.079831] random: systemd-udevd: uninitialized urandom read (16 bytes read, 2 bits of entropy available)
[    1.080451] random: udevadm: uninitialized urandom read (16 bytes read, 2 bits of entropy available)
[    1.080479] random: udevadm: uninitialized urandom read (16 bytes read, 2 bits of entropy available)
[    1.086570] random: systemd-udevd: uninitialized urandom read (16 bytes read, 2 bits of entropy available)
[    1.088801] random: systemd-udevd: uninitialized urandom read (16 bytes read, 2 bits of entropy available)
[    1.091076] random: systemd-udevd: uninitialized urandom read (16 bytes read, 2 bits of entropy available)
[    1.094300] random: systemd-udevd: uninitialized urandom read (16 bytes read, 2 bits of entropy available)
[    1.094861] random: udevadm: uninitialized urandom read (16 bytes read, 2 bits of entropy available)
[    1.094924] random: udevadm: uninitialized urandom read (16 bytes read, 2 bits of entropy available)
[    1.095142] random: udevadm: uninitialized urandom read (16 bytes read, 2 bits of entropy available)
[    1.163857] e1000: Intel(R) PRO/1000 Network Driver - version 7.3.21-k8-NAPI
[    1.165840] e1000: Copyright (c) 1999-2006 Intel Corporation.
[    1.172631] Fusion MPT base driver 3.04.20
[    1.173913] Copyright (c) 1999-2008 LSI Corporation
[    1.226235] Fusion MPT SPI Host driver 3.04.20
[    1.230562] AVX version of gcm_enc/dec engaged.
[    1.231515] AES CTR mode by8 optimization enabled
[    1.410636] input: ImExPS/2 Generic Explorer Mouse as /devices/platform/i8042/serio1/input/input4
[    1.570137] e1000 0000:00:03.0 eth0: (PCI:33MHz:32-bit) 02:dc:27:67:22:a8
[    1.571614] e1000 0000:00:03.0 eth0: Intel(R) PRO/1000 Network Connection
[    1.573719] mptbase: ioc0: Initiating bringup
[    1.574287] e1000 0000:00:03.0 enp0s3: renamed from eth0
[    1.644465] ioc0: LSI53C1030 A0: Capabilities={Initiator}
[    2.209722] scsi host2: ioc0: LSI53C1030 A0, FwRev=00000000h, Ports=1, MaxQ=256, IRQ=20
[    2.637283] scsi 2:0:0:0: Direct-Access     VBOX     HARDDISK         1.0  PQ: 0 ANSI: 5
[    2.645209] scsi target2:0:0: Beginning Domain Validation
[    2.648082] scsi target2:0:0: Domain Validation skipping write tests
[    2.649488] scsi target2:0:0: Ending Domain Validation
[    2.650707] scsi target2:0:0: asynchronous
[    2.652149] scsi 2:0:1:0: Direct-Access     VBOX     HARDDISK         1.0  PQ: 0 ANSI: 5
[    2.654085] scsi target2:0:1: Beginning Domain Validation
[    2.666315] scsi target2:0:1: Domain Validation skipping write tests
[    2.667723] scsi target2:0:1: Ending Domain Validation
[    2.668947] scsi target2:0:1: asynchronous
[    2.675279] sd 2:0:0:0: [sda] 20971520 512-byte logical blocks: (10.7 GB/10.0 GiB)
[    2.677235] sd 2:0:0:0: Attached scsi generic sg0 type 0
[    2.678726] sd 2:0:0:0: [sda] Write Protect is off
[    2.680095] sd 2:0:1:0: Attached scsi generic sg1 type 0
[    2.680176] sd 2:0:1:0: [sdb] 20480 512-byte logical blocks: (10.5 MB/10.0 MiB)
[    2.683285] sd 2:0:1:0: [sdb] Write Protect is off
[    2.684231] sd 2:0:0:0: [sda] Incomplete mode parameter data
[    2.685365] sd 2:0:0:0: [sda] Assuming drive cache: write through
[    2.686865] sd 2:0:1:0: [sdb] Incomplete mode parameter data
[    2.688651] sd 2:0:1:0: [sdb] Assuming drive cache: write through
[    2.691246]  sda: sda1
[    2.692501] sd 2:0:0:0: [sda] Attached SCSI disk
[    2.713276] sd 2:0:1:0: [sdb] Attached SCSI disk
Begin: Loading essential drivers ... [    4.110782] md: linear personality registered for level -1
[    4.115928] md: multipath personality registered for level -4
[    4.119943] md: raid0 personality registered for level 0
[    4.125167] md: raid1 personality registered for level 1
[    4.196958] raid6: sse2x1   gen()  8934 MB/s
[    4.264965] raid6: sse2x1   xor()  6823 MB/s
[    4.332949] raid6: sse2x2   gen() 11088 MB/s
[    4.400956] raid6: sse2x2   xor()  7869 MB/s
[    4.469007] raid6: sse2x4   gen() 12063 MB/s
[    4.536960] raid6: sse2x4   xor()  7022 MB/s
[    4.537812] raid6: using algorithm sse2x4 gen() 12063 MB/s
[    4.538772] raid6: .... xor() 7022 MB/s, rmw enabled
[    4.539673] raid6: using ssse3x2 recovery algorithm
[    4.543038] xor: automatically using best checksumming function:
[    4.603644]    avx       : 54309.000 MB/sec
[    4.606810] async_tx: api initialized (async)
[    4.620819] md: raid6 personality registered for level 6
[    4.621880] md: raid5 personality registered for level 5
[    4.622832] md: raid4 personality registered for level 4
[    4.631220] md: raid10 personality registered for level 10
done.
Begin: Running /scripts/init-premount ... done.
Begin: Mounting root file system ... Begin: Running /scripts/local-top ... done.
Begin: Running /scripts/local-premount ... [    4.674675] Btrfs loaded
Scanning for Btrfs filesystems
done.
Warning: fsck not present, so skipping root file system
[    4.757611] EXT4-fs (sda1): mounted filesystem with ordered data mode. Opts: (null)
done.
Begin: Running /scripts/local-bottom ... done.
Begin: Running /scripts/init-bottom ... done.
[    5.336432] systemd[1]: systemd 229 running in system mode. (+PAM +AUDIT +SELINUX +IMA +APPARMOR +SMACK +SYSVINIT +UTMP +LIBCRYPTSETUP +GCRYPT +GNUTLS +ACL +XZ -LZ4 +SECCOMP +BLKID +ELFUTILS +KMOD -IDN)
[    5.340508] systemd[1]: Detected virtualization oracle.
[    5.341764] systemd[1]: Detected architecture x86-64.

Welcome to [1mUbuntu 16.04.6 LTS[0m!

[    5.382020] systemd[1]: Set hostname to <ubuntu>.
[    5.406674] systemd[1]: Initializing machine ID from random generator.
[    5.410824] systemd[1]: Installed transient /etc/machine-id file.
[    5.878274] systemd[1]: Created slice User and Session Slice.
[[0;32m  OK  [0m] Created slice User and Session Slice.
[    5.882358] systemd[1]: Listening on Journal Socket.
[[0;32m  OK  [0m] Listening on Journal Socket.
[    5.884678] systemd[1]: Listening on LVM2 poll daemon socket.
[[0;32m  OK  [0m] Listening on LVM2 poll daemon socket.
[    5.887295] systemd[1]: Listening on udev Control Socket.
[[0;32m  OK  [0m] Listening on udev Control Socket.
[    5.889518] systemd[1]: Reached target System Time Synchronized.
[[0;32m  OK  [0m] Reached target System Time Synchronized.
[    5.891830] systemd[1]: Listening on Journal Audit Socket.
[[0;32m  OK  [0m] Listening on Journal Audit Socket.
[    5.893997] systemd[1]: Listening on Syslog Socket.
[[0;32m  OK  [0m] Listening on Syslog Socket.
[    5.895923] systemd[1]: Reached target User and Group Name Lookups.
[[0;32m  OK  [0m] Reached target User and Group Name Lookups.
[    5.898339] systemd[1]: Listening on udev Kernel Socket.
[[0;32m  OK  [0m] Listening on udev Kernel Socket.
[    5.900338] systemd[1]: Started Forward Password Requests to Wall Directory Watch.
[[0;32m  OK  [0m] Started Forward Password Requests to Wall Directory Watch.
[    5.903198] systemd[1]: Started Trigger resolvconf update for networkd DNS.
[[0;32m  OK  [0m] Started Trigger resolvconf update for networkd DNS.
[    5.905687] systemd[1]: Listening on /dev/initctl Compatibility Named Pipe.
[[0;32m  OK  [0m] Listening on /dev/initctl Compatibility Named Pipe.
[    5.908438] systemd[1]: Created slice System Slice.
[[0;32m  OK  [0m] Created slice System Slice.
[    5.921186] systemd[1]: Starting Create list of required static device nodes for the current kernel...
         Starting Create list of required st... nodes for the current kernel...
[    5.933568] systemd[1]: Starting Load Kernel Modules...
         Starting Load Kernel Modules...
[    5.939558] systemd[1]: Starting Nameserver information manager...
         Starting Nameserver information manager...
[    5.943657] systemd[1]: Reached target Slices.
[[0;32m  OK  [0m] Reached target Slices.
[    5.946695] systemd[1]: Starting Set console keymap...
         Starting Set console keymap...
[    5.949873] systemd[1]: Mounting Debug File System...
         Mounting Debug File System...
[    5.954180] systemd[1]: Mounting Huge Pages File System...
         Mounting Huge Pages File System...
[    5.957959] systemd[1]: Starting Uncomplicated firewall...
         Starting Uncomplicated firewall...
[    5.960511] systemd[1]: Created slice system-serial\x2dgetty.slice.
[[0;32m  OK  [0m] Created slice system-serial\x2dgetty.slice.
[    5.964513] systemd[1]: Starting Remount Root and Kernel File Systems...
         Starting Remount Root and Kernel File Systems...
[    5.967183] systemd[1]: Listening on LVM2 metadata daemon socket.
[[0;32m  OK  [0m] Listening on LVM2 metadata daemon socket.
[    5.969986] systemd[1]: Set up automount Arbitrary Executable File Formats File System Automount Point.
[[0;32m  OK  [0m] Set up automount Arbitrary Executab...ats File System Automount Point.
[    5.982841] systemd[1]: Listening on Device-mapper event daemon FIFOs.
[[0;32m  OK  [0m] Listening on Device-mapper event daemon FIFOs.
[    5.987898] EXT4-fs (sda1): re-mounted. Opts: (null)
[    5.996137] Loading iSCSI transport class v2.0-870.
[    6.001276] systemd[1]: Starting Monitoring of LVM2 mirrors, snapshots etc. using dmeventd or progress polling...
         Starting Monitoring of LVM2 mirrors... dmeventd or progress polling...
[    6.007527] systemd[1]: Mounting POSIX Message Queue File System...
         Mounting POSIX Message Queue File System...
[    6.010688] systemd[1]: Listening on Journal Socket (/dev/log).
[[0;32m  OK  [0m] Listening on Journal Socket (/dev/log).
[    6.014446] systemd[1]: Starting Journal Service...
         Starting Journal Service...
[    6.016655] systemd[1]: Reached target Encrypted Volumes.
[[0;32m  OK  [0m] Reached target Encrypted Volumes.
[    6.019159] systemd[1]: Reached target Swap.
[[0;32m  OK  [0m] Reached target Swap.
[    6.023496] systemd[1]: Mounted POSIX Message Queue File System.
[[0;32m  OK  [0m] Mounted POSIX Message Queue File System.
[    6.025836] systemd[1]: Mounted Debug File System.
[[0;32m  OK  [0m] Mounted Debug File System.
[    6.029036] systemd[1]: Mounted Huge Pages File System.
[[0;32m  OK  [0m] Mounted Huge Pages File System.
[    6.033622] systemd[1]: Started Create list of required static device nodes for the current kernel.
[[0;32m  OK  [0m] Started Create list of required sta...ce nodes for the current kernel.
[    6.038213] iscsi: registered transport (tcp)
[    6.041160] systemd[1]: Started Uncomplicated firewall.
[[0;32m  OK  [0m] Started Uncomplicated firewall.
[    6.044044] systemd[1]: Started Remount Root and Kernel File Systems.
[[0;32m  OK  [0m] Started Remount Root and Kernel File Systems.
[    6.085334] systemd[1]: Started Nameserver information manager.
[[0;32m  OK  [0m] Started Nameserver information manager.
[    6.088331] systemd[1]: Started Set console keymap.
[[0;32m  OK  [0m] Started Set console keymap.
[    6.112734] systemd[1]: Starting udev Coldplug all Devices...
         Starting udev Coldplug all Devices...
[    6.115762] systemd[1]: Starting Load/Save Random Seed...
         Starting Load/Save Random Seed...
[    6.119594] systemd[1]: Starting Create Static Device Nodes in /dev...
         Starting Create Static Device Nodes in /dev...
[    6.132149] systemd[1]: Started Journal Service.
[[0;32m  OK  [0m] Started Journal Service.
         Starting Flush Journal to Persistent Storage...
[[0;32m  OK  [0m] Started Load/Save Random Seed.
[    6.169012] random: nonblocking pool is initialized
[    6.216569] systemd-journald[396]: Received request to flush runtime journal from PID 1
[[0;32m  OK  [0m] Started Flush Journal to Persistent Storage.
[[0;32m  OK  [0m] Started udev Coldplug all Devices.
[    6.273237] iscsi: registered transport (iser)
[[0;32m  OK  [0m] Started Load Kernel Modules.
         Mounting FUSE Control File System...
         Starting Apply Kernel Variables...
[[0;32m  OK  [0m] Mounted FUSE Control File System.
[[0;32m  OK  [0m] Started LVM2 metadata daemon.
[[0;32m  OK  [0m] Started Apply Kernel Variables.
[[0;32m  OK  [0m] Started Create Static Device Nodes in /dev.
         Starting udev Kernel Device Manager...
[[0;32m  OK  [0m] Started Monitoring of LVM2 mirrors,...ng dmeventd or progress polling.
[[0;32m  OK  [0m] Reached target Local File Systems (Pre).
[[0;32m  OK  [0m] Reached target Local File Systems.
         Starting Create Volatile Files and Directories...
         Starting Commit a transient machine-id on disk...
         Starting Set console font and keymap...
         Starting Tell Plymouth To Write Out Runtime Data...
         Starting LSB: AppArmor initialization...
         Starting Initial cloud-init job (pre-networking)...
[[0;32m  OK  [0m] Started Create Volatile Files and Directories.
         Starting Update UTMP about System Boot/Shutdown...
[[0;32m  OK  [0m] Started Commit a transient machine-id on disk.
[[0;32m  OK  [0m] Started Tell Plymouth To Write Out Runtime Data.
[[0;32m  OK  [0m] Started Update UTMP about System Boot/Shutdown.
[[0;32m  OK  [0m] Started udev Kernel Device Manager.
[[0;32m  OK  [0m] Started Dispatch Password Requests to Console Directory Watch.
[[0;32m  OK  [0m] Found device /dev/ttyS0.
[[0;32m  OK  [0m] Listening on Load/Save RF Kill Switch Status /dev/rfkill Watch.
[[0;32m  OK  [0m] Started LSB: AppArmor initialization.
[[0;32m  OK  [0m] Started Set console font and keymap.
[[0;32m  OK  [0m] Created slice system-getty.slice.
[   10.145353] cloud-init[476]: Cloud-init v. 19.1-1-gbaa47854-0ubuntu1~16.04.1 running 'init-local' at Thu, 11 Jul 2019 23:06:34 +0000. Up 9.55 seconds.
[[0;32m  OK  [0m] Started Initial cloud-init job (pre-networking).
[[0;32m  OK  [0m] Reached target Network (Pre).
         Starting Raise network interfaces...
[[0;32m  OK  [0m] Started Raise network interfaces.
[[0;32m  OK  [0m] Reached target Network.
         Starting Initial cloud-init job (metadata service crawler)...
[   11.996748] cloud-init[954]: Cloud-init v. 19.1-1-gbaa47854-0ubuntu1~16.04.1 running 'init' at Thu, 11 Jul 2019 23:06:35 +0000. Up 10.99 seconds.
[   11.999134] cloud-init[954]: ci-info: ++++++++++++++++++++++++++++++++++++++Net device info++++++++++++++++++++++++++++++++++++++
[   12.001114] cloud-init[954]: ci-info: +--------+------+----------------------------+---------------+--------+-------------------+
[   12.003088] cloud-init[954]: ci-info: | Device |  Up  |          Address           |      Mask     | Scope  |     Hw-Address    |
[   12.005111] cloud-init[954]: ci-info: +--------+------+----------------------------+---------------+--------+-------------------+
[   12.007060] cloud-init[954]: ci-info: | enp0s3 | True |         10.0.2.15          | 255.255.255.0 | global | 02:dc:27:67:22:a8 |
[   12.009018] cloud-init[954]: ci-info: | enp0s3 | True | fe80::dc:27ff:fe67:22a8/64 |       .       |  link  | 02:dc:27:67:22:a8 |
[   12.010965] cloud-init[954]: ci-info: |   lo   | True |         127.0.0.1          |   255.0.0.0   |  host  |         .         |
[   12.012906] cloud-init[954]: ci-info: |   lo   | True |          ::1/128           |       .       |  host  |         .         |
[   12.015106] cloud-init[954]: ci-info: +--------+------+----------------------------+---------------+--------+-------------------+
[   12.017486] cloud-init[954]: ci-info: +++++++++++++++++++++++++++Route IPv4 info++++++++++++++++++++++++++++
[   12.019189] cloud-init[954]: ci-info: +-------+-------------+----------+---------------+-----------+-------+
[   12.020969] cloud-init[954]: ci-info: | Route | Destination | Gateway  |    Genmask    | Interface | Flags |
[   12.022725] cloud-init[954]: ci-info: +-------+-------------+----------+---------------+-----------+-------+
[   12.024479] cloud-init[954]: ci-info: |   0   |   0.0.0.0   | 10.0.2.2 |    0.0.0.0    |   enp0s3  |   UG  |
[   12.026216] cloud-init[954]: ci-info: |   1   |   10.0.2.0  | 0.0.0.0  | 255.255.255.0 |   enp0s3  |   U   |
[   12.027932] cloud-init[954]: ci-info: +-------+-------------+----------+---------------+-----------+-------+
[   12.029728] cloud-init[954]: ci-info: +++++++++++++++++++Route IPv6 info+++++++++++++++++++
[   12.031277] cloud-init[954]: ci-info: +-------+-------------+---------+-----------+-------+
[   12.032858] cloud-init[954]: ci-info: | Route | Destination | Gateway | Interface | Flags |
[   12.034433] cloud-init[954]: ci-info: +-------+-------------+---------+-----------+-------+
[   12.035976] cloud-init[954]: ci-info: |   0   |  fe80::/64  |    ::   |   enp0s3  |   U   |
[   12.037656] cloud-init[954]: ci-info: |   3   |   ff00::/8  |    ::   |   enp0s3  |   U   |
[   12.039642] cloud-init[954]: ci-info: +-------+-------------+---------+-----------+-------+
[   12.041608] cloud-init[954]: Generating public/private rsa key pair.
[   12.042926] cloud-init[954]: Your identification has been saved in /etc/ssh/ssh_host_rsa_key.
[   12.044512] cloud-init[954]: Your public key has been saved in /etc/ssh/ssh_host_rsa_key.pub.
[   12.046111] cloud-init[954]: The key fingerprint is:
[   12.047246] cloud-init[954]: SHA256:JUAEaW0tJFt/IBPXgI5TGyTbeFsBiBgMh0X1Bmgn/Wo root@ubuntu-xenial
[   12.048905] cloud-init[954]: The key's randomart image is:
[   12.050111] cloud-init[954]: +---[RSA 2048]----+
[   12.051207] cloud-init[954]: |=*+=*X%==o       |
[   12.052359] cloud-init[954]: |oo= *@B*.o.      |
[   12.053443] cloud-init[954]: | . ++*=++ o      |
[   12.054508] cloud-init[954]: |    oo+o +       |
[   12.055604] cloud-init[954]: |     o. S        |
[   12.056782] cloud-init[954]: |    E            |
[   12.057913] cloud-init[954]: |   .             |
[   12.059033] cloud-init[954]: |                 |
[   12.060140] cloud-init[954]: |                 |
[   12.061352] cloud-init[954]: +----[SHA256]-----+
[   12.062457] cloud-init[954]: Generating public/private dsa key pair.
[   12.063764] cloud-init[954]: Your identification has been saved in /etc/ssh/ssh_host_dsa_key.
[   12.065385] cloud-init[954]: Your public key has been saved in /etc/ssh/ssh_host_dsa_key.pub.
[   12.066968] cloud-init[954]: The key fingerprint is:
[   12.068108] cloud-init[954]: SHA256:yv4Y6X4klgSS9UGoJIkPZxAbWlSestItI/TrRcCrPmQ root@ubuntu-xenial
[   12.069801] cloud-init[954]: The key's randomart image is:
[   12.071002] cloud-init[954]: +---[DSA 1024]----+
[   12.072122] cloud-init[954]: |==o+ooo          |
[   12.073278] cloud-init[954]: |*+B.oo .         |
[   12.074382] cloud-init[954]: |oO.=o..          |
[   12.075455] cloud-init[954]: |..++o .          |
[   12.076580] cloud-init[954]: |o =o.o .S        |
[   12.077690] cloud-init[954]: | E.oo.+o.        |
[   12.078792] cloud-init[954]: |o. . o=o         |
[   12.079892] cloud-init[954]: |... .o o.        |
[   12.081043] cloud-init[954]: | ... .=o.        |
[   12.082201] cloud-init[954]: +----[SHA256]-----+
[   12.083314] cloud-init[954]: Generating public/private ecdsa key pair.
[   12.084662] cloud-init[954]: Your identification has been saved in /etc/ssh/ssh_host_ecdsa_key.
[   12.086277] cloud-init[954]: Your public key has been saved in /etc/ssh/ssh_host_ecdsa_key.pub.
[   12.087865] cloud-init[954]: The key fingerprint is:
[   12.089115] cloud-init[954]: SHA256:cGDOjBab29FmMZzG3f47qcbIKi7wEhtPh8fm1XRXuBs root@ubuntu-xenial
[   12.090780] cloud-init[954]: The key's randomart image is:
[   12.092006] cloud-init[954]: +---[ECDSA 256]---+
[   12.093180] cloud-init[954]: |    . oooo .   . |
[   12.094289] cloud-init[954]: |     X o=o. . . .|
[   12.095411] cloud-init[954]: |    = *.=  .   o |
[   12.096550] cloud-init[954]: |   . o *  . o E  |
[   12.104574] cloud-init[954]: |    .o. So . o o |
[   12.105817] cloud-init[954]: |  + o = . .   o  |
[   12.106975] cloud-init[954]: |   O = . . o   o |
[   12.108091] cloud-init[954]: |  o + o   o o +  |
[   12.109270] cloud-init[954]: |   . o.... ... . |
[   12.110411] cloud-init[954]: +----[SHA256]-----+
[   12.111532] cloud-init[954]: Generating public/private ed25519 key pair.
[   12.112982] cloud-init[954]: Your identification has been saved in /etc/ssh/ssh_host_ed25519_key.
[   12.114782] cloud-init[954]: Your public key has been saved in /etc/ssh/ssh_host_ed25519_key.pub.
[   12.116631] cloud-init[954]: The key fingerprint is:
[   12.117818] cloud-init[954]: SHA256:bsb4gJ0af9FJ+dD0x4avyFEdZia+SfMyCpJR93jzXLQ root@ubuntu-xenial
[   12.119604] cloud-init[954]: The key's randomart image is:
[   12.120867] cloud-init[954]: +--[ED25519 256]--+
[   12.122024] cloud-init[954]: |                 |
[   12.123149] cloud-init[954]: |         . ... =.|
[   12.124321] cloud-init[954]: |        . .++.==o|
[   12.125458] cloud-init[954]: |       .  +..B+E*|
[   12.126575] cloud-init[954]: |        So +o.O+.|
[   12.127684] cloud-init[954]: |     o B..o o= +.|
[   12.128803] cloud-init[954]: |    o = *....oo. |
[   12.129910] cloud-init[954]: |     + =.  .o .  |
[   12.131045] cloud-init[954]: |    . ...        |
[   12.132172] cloud-init[954]: +----[SHA256]-----+
[[0;32m  OK  [0m] Started Initial cloud-init job (metadata service crawler).
[[0;32m  OK  [0m] Reached target Network is Online.
         Starting iSCSI initiator daemon (iscsid)...
[[0;32m  OK  [0m] Reached target Cloud-config availability.
[[0;32m  OK  [0m] Reached target System Initialization.
         Starting Socket activation for snappy daemon.
[[0;32m  OK  [0m] Started ACPI Events Check.
[[0;32m  OK  [0m] Reached target Paths.
[[0;32m  OK  [0m] Listening on ACPID Listen Socket.
[[0;32m  OK  [0m] Listening on UUID daemon activation socket.
[[0;32m  OK  [0m] Listening on D-Bus System Message Bus Socket.
[[0;32m  OK  [0m] Started Daily apt download activities.
[[0;32m  OK  [0m] Started Daily apt upgrade and clean activities.
[[0;32m  OK  [0m] Started Daily Cleanup of Temporary Directories.
[[0;32m  OK  [0m] Reached target Timers.
         Starting LXD - unix socket.
[[0;32m  OK  [0m] Listening on Socket activation for snappy daemon.
[[0;32m  OK  [0m] Listening on LXD - unix socket.
[[0;32m  OK  [0m] Reached target Sockets.
[[0;32m  OK  [0m] Reached target Basic System.
[[0;32m  OK  [0m] Started ACPI event daemon.
         Starting LSB: Record successful boot for GRUB...
[[0;32m  OK  [0m] Started Regular background program processing daemon.
         Starting Login Service...
         Starting LSB: MD monitoring daemon...
         Starting Accounts Service...
         Starting Snappy daemon...
[[0;32m  OK  [0m] Started FUSE filesystem for LXC.
         Starting System Logging Service...
[[0;32m  OK  [0m] Started D-Bus System Message Bus.
         Starting Virtualbox guest utils...
         Starting LXD - container startup/shutdown...
         Starting Pollinate to seed the pseudo random number generator...
[[0;32m  OK  [0m] Started Deferred execution scheduler.
         Starting /etc/rc.local Compatibility...
[[0;32m  OK  [0m] Started System Logging Service.
[[0;32m  OK  [0m] Started iSCSI initiator daemon (iscsid).
[[0;32m  OK  [0m] Started /etc/rc.local Compatibility.
         Starting Login to default iSCSI targets...
[[0;32m  OK  [0m] Started Login Service.
[[0;32m  OK  [0m] Started Unattended Upgrades Shutdown.
         Starting Authenticate and Authorize Users to Run Privileged Tasks...
[[0;32m  OK  [0m] Started LSB: MD monitoring daemon.
[[0;32m  OK  [0m] Started Login to default iSCSI targets.
[[0;32m  OK  [0m] Reached target Remote File Systems (Pre).
[[0;32m  OK  [0m] Reached target Remote File Systems.
         Starting LSB: daemon to balance interrupts for SMP systems...
         Starting Permit User Sessions...
         Starting LSB: Set the CPU Frequency Scaling governor to "ondemand"...
         Starting LSB: automatic crash report generation...
[[0;32m  OK  [0m] Started Permit User Sessions.
         Starting Hold until boot process finishes up...
         Starting Terminate Plymouth Boot Screen...
[[0;32m  OK  [0m] Started Hold until boot process finishes up.
[[0;32m  OK  [0m] Started LSB: Set the CPU Frequency Scaling governor to "ondemand".
[[0;32m  OK  [0m] Started Terminate Plymouth Boot Screen.
[[0;32m  OK  [0m] Started Serial Getty on ttyS0.
[[0;32m  OK  [0m] Started Getty on tty1.
[[0;32m  OK  [0m] Reached target Login Prompts.
         Starting Set console scheme...
[[0;32m  OK  [0m] Started Set console scheme.
[[0;32m  OK  [0m] Started LSB: Record successful boot for GRUB.
[[0;32m  OK  [0m] Started LSB: automatic crash report generation.
[[0;32m  OK  [0m] Started LSB: daemon to balance interrupts for SMP systems.
[[0;32m  OK  [0m] Started Authenticate and Authorize Users to Run Privileged Tasks.
[[0;32m  OK  [0m] Started Accounts Service.
[[0;32m  OK  [0m] Started Virtualbox guest utils.
[[0;32m  OK  [0m] Started Snappy daemon.
         Starting Wait until snapd is fully seeded...
[[0;32m  OK  [0m] Started LXD - container startup/shutdown.
[[0;32m  OK  [0m] Started Pollinate to seed the pseudo random number generator.
         Starting OpenBSD Secure Shell server...
[[0;32m  OK  [0m] Started OpenBSD Secure Shell server.
[[0;32m  OK  [0m] Created slice User Slice of vagrant.
         Starting User Manager for UID 1000...
[[0;32m  OK  [0m] Started Session 1 of user vagrant.
[[0;32m  OK  [0m] Started User Manager for UID 1000.

Ubuntu 16.04.6 LTS ubuntu-xenial ttyS0

ubuntu-xenial login: [   27.923372] cloud-init[1679]: Generating locales (this might take a while)...
[   28.921938] cloud-init[1679]:   en_US.UTF-8... done
[   28.922988] cloud-init[1679]: Generation complete.
[   29.713266] cloud-init[1679]: Cloud-init v. 19.1-1-gbaa47854-0ubuntu1~16.04.1 running 'modules:config' at Thu, 11 Jul 2019 23:06:52 +0000. Up 27.72 seconds.
ci-info: no authorized ssh keys fingerprints found for user ubuntu.
<14>Jul 11 23:06:55 ec2: 
<14>Jul 11 23:06:55 ec2: #############################################################
<14>Jul 11 23:06:55 ec2: -----BEGIN SSH HOST KEY FINGERPRINTS-----
<14>Jul 11 23:06:55 ec2: 1024 SHA256:yv4Y6X4klgSS9UGoJIkPZxAbWlSestItI/TrRcCrPmQ root@ubuntu-xenial (DSA)
<14>Jul 11 23:06:55 ec2: 256 SHA256:cGDOjBab29FmMZzG3f47qcbIKi7wEhtPh8fm1XRXuBs root@ubuntu-xenial (ECDSA)
<14>Jul 11 23:06:55 ec2: 256 SHA256:bsb4gJ0af9FJ+dD0x4avyFEdZia+SfMyCpJR93jzXLQ root@ubuntu-xenial (ED25519)
<14>Jul 11 23:06:55 ec2: 2048 SHA256:JUAEaW0tJFt/IBPXgI5TGyTbeFsBiBgMh0X1Bmgn/Wo root@ubuntu-xenial (RSA)
<14>Jul 11 23:06:55 ec2: -----END SSH HOST KEY FINGERPRINTS-----
<14>Jul 11 23:06:55 ec2: #############################################################
-----BEGIN SSH HOST KEY KEYS-----
ecdsa-sha2-nistp256 AAAAE2VjZHNhLXNoYTItbmlzdHAyNTYAAAAIbmlzdHAyNTYAAABBBE0TZWXVV3TOzZEIp0DU2PFQz/S7JzP12VXx7Wy+xSWyjDNAhWvxqkulaz5VgtXULUuHQc5mFVSIV0oqQjrXhMg= root@ubuntu-xenial
ssh-ed25519 AAAAC3NzaC1lZDI1NTE5AAAAILx1u07v0N7AAFtBdR/ApR5TZmNct4E572savxhm3Ize root@ubuntu-xenial
ssh-rsa AAAAB3NzaC1yc2EAAAADAQABAAABAQCpGVtI3cnznuQoas3cy8OBGWyUVuGju5AQO5yPsx0mwjkvGx7Ux7kEIKVI2h0QfouCwDvN/si3WN8aRtQFV+gKJNmEiDjWIoFlqeTSqC/8C+ba5R1k4DOUfyUwyujAVN0/6Kbevbaq0NcmImjtI2GhHtDvk2+ewKtkJPNDyBrpVZVYykobpLrkBql6cMvKlGowjiTFfPOcPy9010gnQ2NPpjBEkIVYUPQ7xvizYXOPgCw8/Ox+b3I0HfsV8UaF/3wVWMXIZdIdQr63ItDOntX9mzDuhRg+66b4HtwuWB05PEQEpyBg9He6k/UGsSklxuRtHwrmoUUUswomVumQT/G9 root@ubuntu-xenial
-----END SSH HOST KEY KEYS-----
[   30.278645] cloud-init[1764]: Cloud-init v. 19.1-1-gbaa47854-0ubuntu1~16.04.1 running 'modules:final' at Thu, 11 Jul 2019 23:06:54 +0000. Up 30.09 seconds.
[   30.279061] cloud-init[1764]: ci-info: no authorized ssh keys fingerprints found for user ubuntu.
[   30.279883] cloud-init[1764]: Cloud-init v. 19.1-1-gbaa47854-0ubuntu1~16.04.1 finished at Thu, 11 Jul 2019 23:06:55 +0000. Datasource DataSourceNoCloud [seed=/dev/sdb][dsmode=net].  Up 30.26 seconds
